

Version:	3.50
CmdLine:	C:\Gestor360-Instalable\Gestor360.exe --l4j-debug
JNI:		No
WOW64:		Yes
Working dir:	C:\Gestor360-Instalable\.
Requires JDK:	No
Requires 64-Bit: Yes
Java min ver:	1.008.000
Java max ver:	
JRE paths:	jre
Check launcher:	C:\Gestor360-Instalable\jre\bin\javaw.exe (not found)
64-bit search:	SOFTWARE\JavaSoft\Java Runtime Environment...
64-bit search:	SOFTWARE\JavaSoft\Java Development Kit...
64-bit search:	SOFTWARE\JavaSoft\JRE...
64-bit search:	SOFTWARE\JavaSoft\JDK...
Check:		SOFTWARE\JavaSoft\JDK\21.0.1
Version string: 1.021.000_001 / 64-Bit (OK)
Check launcher:	C:\Program Files\Java\jdk-21\bin\javaw.exe (OK)
Match:		1.021.000_001
Runtime used:	1.021.000_001 (64-bit)
Launcher:	C:\Program Files\Java\jdk-21\bin\javaw.exe
Launcher args:	-jar "C:\Gestor360-Instalable\Gestor360.exe"
Args length:	44/32768 chars
Exit code:	0


Version:	3.50
CmdLine:	C:\Gestor360-Instalable\Gestor360.exe --l4j-debug
JNI:		No
WOW64:		Yes
Working dir:	C:\Gestor360-Instalable\.
Requires JDK:	No
Requires 64-Bit: Yes
Java min ver:	1.008.000
Java max ver:	
JRE paths:	jre
Check launcher:	C:\Gestor360-Instalable\jre\bin\javaw.exe (OK)
Version string: 1.008.000_452 / 64-Bit (OK)
Launcher:	C:\Gestor360-Instalable\jre\bin\javaw.exe
Launcher args:	-jar "C:\Gestor360-Instalable\Gestor360.exe"
Args length:	44/32768 chars
Exit code:	1


Version:	3.50
CmdLine:	C:\Gestor360-Instalable\Gestor360.exe --l4j-debug
JNI:		No
WOW64:		Yes
Working dir:	C:\Gestor360-Instalable\.
Requires JDK:	No
Requires 64-Bit: Yes
Java min ver:	1.008.000
Java max ver:	
JRE paths:	jre
Check launcher:	C:\Gestor360-Instalable\jre\bin\javaw.exe (OK)
Version string: 1.008.000_452 / 64-Bit (OK)
Launcher:	C:\Gestor360-Instalable\jre\bin\javaw.exe
Launcher args:	-jar "C:\Gestor360-Instalable\Gestor360.exe"
Args length:	44/32768 chars
Exit code:	1


Version:	3.50
CmdLine:	C:\Gestor360-Instalable\Gestor360.exe --l4j-debug
JNI:		No
WOW64:		Yes
Working dir:	C:\Gestor360-Instalable\.
Requires JDK:	No
Requires 64-Bit: Yes
Java min ver:	1.008.000
Java max ver:	
JRE paths:	jre
Check launcher:	C:\Gestor360-Instalable\jre\bin\javaw.exe (OK)
Version string: 1.017.000_015 / 64-Bit (OK)
Launcher:	C:\Gestor360-Instalable\jre\bin\javaw.exe
Launcher args:	-jar "C:\Gestor360-Instalable\Gestor360.exe"
Args length:	44/32768 chars
Exit code:	0
